# JRE version: Java(TM) SE Runtime Environment (8.0_131-b11) (build 1.8.0_131-b11)
# Java VM: Java HotSpot(TM) 64-Bit Server VM (25.131-b11 mixed mode windows-amd64 compressed oops)
Heap:
 PSYoungGen      total 107008K, used 88450K [0x00000000f5580000, 0x00000000fc780000, 0x0000000100000000)
  eden space 98304K, 89% used [0x00000000f5580000,0x00000000fabe0838,0x00000000fb580000)
  from space 8704K, 0% used [0x00000000fbf00000,0x00000000fbf00000,0x00000000fc780000)
  to   space 9216K, 0% used [0x00000000fb580000,0x00000000fb580000,0x00000000fbe80000)
 ParOldGen       total 74240K, used 11630K [0x00000000e0000000, 0x00000000e4880000, 0x00000000f5580000)
  object space 74240K, 15% used [0x00000000e0000000,0x00000000e0b5bbc8,0x00000000e4880000)
 Metaspace       used 43358K, capacity 45540K, committed 45912K, reserved 1089536K
  class space    used 6024K, capacity 6448K, committed 6528K, reserved 1048576K
GC Heap History (10 events):
Event: 12.558 GC heap before
{Heap before GC invocations=8 (full 1):
 PSYoungGen      total 48640K, used 48614K [0x00000000f5580000, 0x00000000f9780000, 0x0000000100000000)
  eden space 46080K, 99% used [0x00000000f5580000,0x00000000f827ce60,0x00000000f8280000)
  from space 2560K, 99% used [0x00000000f9500000,0x00000000f977cbd0,0x00000000f9780000)
  to   space 8192K, 0% used [0x00000000f8780000,0x00000000f8780000,0x00000000f8f80000)
 ParOldGen       total 48128K, used 5749K [0x00000000e0000000, 0x00000000e2f00000, 0x00000000f5580000)
  object space 48128K, 11% used [0x00000000e0000000,0x00000000e059d680,0x00000000e2f00000)
 Metaspace       used 25748K, capacity 27264K, committed 27392K, reserved 1073152K
  class space    used 3512K, capacity 3828K, committed 3840K, reserved 1048576K
Event: 12.584 GC heap after
Heap after GC invocations=8 (full 1):
 PSYoungGen      total 59392K, used 5779K [0x00000000f5580000, 0x00000000fad00000, 0x0000000100000000)
  eden space 51200K, 0% used [0x00000000f5580000,0x00000000f5580000,0x00000000f8780000)
  from space 8192K, 70% used [0x00000000f8780000,0x00000000f8d24f20,0x00000000f8f80000)
  to   space 8192K, 0% used [0x00000000fa500000,0x00000000fa500000,0x00000000fad00000)
 ParOldGen       total 48128K, used 5749K [0x00000000e0000000, 0x00000000e2f00000, 0x00000000f5580000)
  object space 48128K, 11% used [0x00000000e0000000,0x00000000e059d680,0x00000000e2f00000)
 Metaspace       used 25748K, capacity 27264K, committed 27392K, reserved 1073152K
  class space    used 3512K, capacity 3828K, committed 3840K, reserved 1048576K
}
Event: 13.122 GC heap before
{Heap before GC invocations=9 (full 1):
 PSYoungGen      total 59392K, used 56979K [0x00000000f5580000, 0x00000000fad00000, 0x0000000100000000)
  eden space 51200K, 100% used [0x00000000f5580000,0x00000000f8780000,0x00000000f8780000)
  from space 8192K, 70% used [0x00000000f8780000,0x00000000f8d24f20,0x00000000f8f80000)
  to   space 8192K, 0% used [0x00000000fa500000,0x00000000fa500000,0x00000000fad00000)
 ParOldGen       total 48128K, used 5749K [0x00000000e0000000, 0x00000000e2f00000, 0x00000000f5580000)
  object space 48128K, 11% used [0x00000000e0000000,0x00000000e059d680,0x00000000e2f00000)
 Metaspace       used 27350K, capacity 28908K, committed 29184K, reserved 1075200K
  class space    used 3726K, capacity 4062K, committed 4096K, reserved 1048576K
Event: 13.137 GC heap after
Heap after GC invocations=9 (full 1):
 PSYoungGen      total 81408K, used 4051K [0x00000000f5580000, 0x00000000fb680000, 0x0000000100000000)
  eden space 73216K, 0% used [0x00000000f5580000,0x00000000f5580000,0x00000000f9d00000)
  from space 8192K, 49% used [0x00000000fa500000,0x00000000fa8f4c70,0x00000000fad00000)
  to   space 8192K, 0% used [0x00000000f9d00000,0x00000000f9d00000,0x00000000fa500000)
 ParOldGen       total 48128K, used 5757K [0x00000000e0000000, 0x00000000e2f00000, 0x00000000f5580000)
  object space 48128K, 11% used [0x00000000e0000000,0x00000000e059f680,0x00000000e2f00000)
 Metaspace       used 27350K, capacity 28908K, committed 29184K, reserved 1075200K
  class space    used 3726K, capacity 4062K, committed 4096K, reserved 1048576K
}
Event: 16.420 GC heap before
{Heap before GC invocations=10 (full 1):
 PSYoungGen      total 81408K, used 77267K [0x00000000f5580000, 0x00000000fb680000, 0x0000000100000000)
  eden space 73216K, 100% used [0x00000000f5580000,0x00000000f9d00000,0x00000000f9d00000)
  from space 8192K, 49% used [0x00000000fa500000,0x00000000fa8f4c70,0x00000000fad00000)
  to   space 8192K, 0% used [0x00000000f9d00000,0x00000000f9d00000,0x00000000fa500000)
 ParOldGen       total 48128K, used 5757K [0x00000000e0000000, 0x00000000e2f00000, 0x00000000f5580000)
  object space 48128K, 11% used [0x00000000e0000000,0x00000000e059f680,0x00000000e2f00000)
 Metaspace       used 31948K, capacity 33908K, committed 34304K, reserved 1079296K
  class space    used 4360K, capacity 4758K, committed 4864K, reserved 1048576K
Event: 16.443 GC heap after
Heap after GC invocations=10 (full 1):
 PSYoungGen      total 81408K, used 8186K [0x00000000f5580000, 0x00000000fc800000, 0x0000000100000000)
  eden space 73216K, 0% used [0x00000000f5580000,0x00000000f5580000,0x00000000f9d00000)
  from space 8192K, 99% used [0x00000000f9d00000,0x00000000fa4fe908,0x00000000fa500000)
  to   space 9216K, 0% used [0x00000000fbf00000,0x00000000fbf00000,0x00000000fc800000)
 ParOldGen       total 48128K, used 6698K [0x00000000e0000000, 0x00000000e2f00000, 0x00000000f5580000)
  object space 48128K, 13% used [0x00000000e0000000,0x00000000e068a828,0x00000000e2f00000)
 Metaspace       used 31948K, capacity 33908K, committed 34304K, reserved 1079296K
  class space    used 4360K, capacity 4758K, committed 4864K, reserved 1048576K
}
Event: 18.014 GC heap before
{Heap before GC invocations=11 (full 1):
 PSYoungGen      total 81408K, used 40909K [0x00000000f5580000, 0x00000000fc800000, 0x0000000100000000)
  eden space 73216K, 44% used [0x00000000f5580000,0x00000000f7574bd0,0x00000000f9d00000)
  from space 8192K, 99% used [0x00000000f9d00000,0x00000000fa4fe908,0x00000000fa500000)
  to   space 9216K, 0% used [0x00000000fbf00000,0x00000000fbf00000,0x00000000fc800000)
 ParOldGen       total 48128K, used 6698K [0x00000000e0000000, 0x00000000e2f00000, 0x00000000f5580000)
  object space 48128K, 13% used [0x00000000e0000000,0x00000000e068a828,0x00000000e2f00000)
 Metaspace       used 33329K, capacity 35358K, committed 35416K, reserved 1079296K
  class space    used 4551K, capacity 4935K, committed 4992K, reserved 1048576K
Event: 18.041 GC heap after
Heap after GC invocations=11 (full 1):
 PSYoungGen      total 107008K, used 4678K [0x00000000f5580000, 0x00000000fc780000, 0x0000000100000000)
  eden space 98304K, 0% used [0x00000000f5580000,0x00000000f5580000,0x00000000fb580000)
  from space 8704K, 53% used [0x00000000fbf00000,0x00000000fc391a70,0x00000000fc780000)
  to   space 9216K, 0% used [0x00000000fb580000,0x00000000fb580000,0x00000000fbe80000)
 ParOldGen       total 48128K, used 8150K [0x00000000e0000000, 0x00000000e2f00000, 0x00000000f5580000)
  object space 48128K, 16% used [0x00000000e0000000,0x00000000e07f5810,0x00000000e2f00000)
 Metaspace       used 33329K, capacity 35358K, committed 35416K, reserved 1079296K
  class space    used 4551K, capacity 4935K, committed 4992K, reserved 1048576K
}
Event: 18.041 GC heap before
{Heap before GC invocations=12 (full 2):
 PSYoungGen      total 107008K, used 4678K [0x00000000f5580000, 0x00000000fc780000, 0x0000000100000000)
  eden space 98304K, 0% used [0x00000000f5580000,0x00000000f5580000,0x00000000fb580000)
  from space 8704K, 53% used [0x00000000fbf00000,0x00000000fc391a70,0x00000000fc780000)
  to   space 9216K, 0% used [0x00000000fb580000,0x00000000fb580000,0x00000000fbe80000)
 ParOldGen       total 48128K, used 8150K [0x00000000e0000000, 0x00000000e2f00000, 0x00000000f5580000)
  object space 48128K, 16% used [0x00000000e0000000,0x00000000e07f5810,0x00000000e2f00000)
 Metaspace       used 33329K, capacity 35358K, committed 35416K, reserved 1079296K
  class space    used 4551K, capacity 4935K, committed 4992K, reserved 1048576K
Event: 18.232 GC heap after
Heap after GC invocations=12 (full 2):
 PSYoungGen      total 107008K, used 0K [0x00000000f5580000, 0x00000000fc780000, 0x0000000100000000)
  eden space 98304K, 0% used [0x00000000f5580000,0x00000000f5580000,0x00000000fb580000)
  from space 8704K, 0% used [0x00000000fbf00000,0x00000000fbf00000,0x00000000fc780000)
  to   space 9216K, 0% used [0x00000000fb580000,0x00000000fb580000,0x00000000fbe80000)
 ParOldGen       total 74240K, used 11630K [0x00000000e0000000, 0x00000000e4880000, 0x00000000f5580000)
  object space 74240K, 15% used [0x00000000e0000000,0x00000000e0b5bbc8,0x00000000e4880000)
 Metaspace       used 33329K, capacity 35358K, committed 35416K, reserved 1079296K
  class space    used 4551K, capacity 4935K, committed 4992K, reserved 1048576K
}

